{"meta": {"version": "6.2", "timestamp": "2022-01-26T11:26:55.601632", "branch_coverage": false, "show_contexts": false}, "files": {"core/__init__.py": {"executed_lines": [1, 3, 4, 5, 6, 9], "summary": {"covered_lines": 6, "num_statements": 6, "percent_covered": 100.0, "percent_covered_display": "100", "missing_lines": 0, "excluded_lines": 0}, "missing_lines": [], "excluded_lines": []}, "core/settings.py": {"executed_lines": [1, 12, 13, 14, 15, 17, 23, 29, 32, 36, 38, 46, 57, 67, 69, 85, 91, 102, 121, 123, 125, 127, 129, 135, 136, 143], "summary": {"covered_lines": 25, "num_statements": 25, "percent_covered": 100.0, "percent_covered_display": "100", "missing_lines": 0, "excluded_lines": 0}, "missing_lines": [], "excluded_lines": []}, "core/urls.py": {"executed_lines": [1, 16, 17, 19], "summary": {"covered_lines": 3, "num_statements": 3, "percent_covered": 100.0, "percent_covered_display": "100", "missing_lines": 0, "excluded_lines": 0}, "missing_lines": [], "excluded_lines": []}, "hotline/__init__.py": {"executed_lines": [1], "summary": {"covered_lines": 0, "num_statements": 0, "percent_covered": 100.0, "percent_covered_display": "100", "missing_lines": 0, "excluded_lines": 0}, "missing_lines": [], "excluded_lines": []}, "hotline/admin.py": {"executed_lines": [1, 2, 4, 5, 6, 7, 8, 9], "summary": {"covered_lines": 8, "num_statements": 8, "percent_covered": 100.0, "percent_covered_display": "100", "missing_lines": 0, "excluded_lines": 0}, "missing_lines": [], "excluded_lines": []}, "hotline/apps.py": {"executed_lines": [1, 4, 5, 6], "summary": {"covered_lines": 4, "num_statements": 4, "percent_covered": 100.0, "percent_covered_display": "100", "missing_lines": 0, "excluded_lines": 0}, "missing_lines": [], "excluded_lines": []}, "hotline/forms.py": {"executed_lines": [1, 2, 3, 5, 16, 17, 18, 19, 21, 22, 23, 24, 26, 27, 28, 29, 31, 32, 33, 34], "summary": {"covered_lines": 20, "num_statements": 27, "percent_covered": 74.07407407407408, "percent_covered_display": "74", "missing_lines": 7, "excluded_lines": 0}, "missing_lines": [6, 7, 9, 10, 11, 12, 14], "excluded_lines": []}, "hotline/migrations/__init__.py": {"executed_lines": [1], "summary": {"covered_lines": 0, "num_statements": 0, "percent_covered": 100.0, "percent_covered_display": "100", "missing_lines": 0, "excluded_lines": 0}, "missing_lines": [], "excluded_lines": []}, "hotline/models.py": {"executed_lines": [1, 2, 3, 6, 8, 16, 17, 18, 19, 20, 21, 22, 23, 24, 25, 26, 27, 30, 32, 33, 34, 35, 36, 37, 38, 41, 43, 44, 45, 46, 49, 51, 52, 53, 56, 58, 59, 60, 61, 62, 63, 64, 65, 66, 69, 71, 79, 80, 81], "summary": {"covered_lines": 49, "num_statements": 55, "percent_covered": 89.0909090909091, "percent_covered_display": "89", "missing_lines": 6, "excluded_lines": 0}, "missing_lines": [28, 39, 47, 54, 67, 82], "excluded_lines": []}, "hotline/tests.py": {"executed_lines": [1], "summary": {"covered_lines": 1, "num_statements": 1, "percent_covered": 100.0, "percent_covered_display": "100", "missing_lines": 0, "excluded_lines": 0}, "missing_lines": [], "excluded_lines": []}, "hotline/urls.py": {"executed_lines": [1, 2, 4], "summary": {"covered_lines": 3, "num_statements": 3, "percent_covered": 100.0, "percent_covered_display": "100", "missing_lines": 0, "excluded_lines": 0}, "missing_lines": [], "excluded_lines": []}, "hotline/views.py": {"executed_lines": [1, 2, 3, 4, 5, 6, 7, 8, 9, 12, 13, 14, 15, 16, 19, 81, 97, 107, 119, 126, 144, 154, 161, 179, 187, 194], "summary": {"covered_lines": 26, "num_statements": 103, "percent_covered": 25.24271844660194, "percent_covered_display": "25", "missing_lines": 77, "excluded_lines": 0}, "missing_lines": [20, 21, 22, 23, 24, 27, 28, 29, 30, 32, 35, 36, 37, 38, 41, 42, 44, 45, 47, 50, 51, 53, 55, 76, 82, 84, 85, 86, 87, 88, 90, 94, 98, 99, 102, 108, 109, 110, 111, 116, 120, 123, 127, 129, 130, 131, 132, 133, 135, 139, 145, 146, 147, 151, 155, 158, 162, 164, 165, 166, 167, 168, 170, 174, 180, 181, 184, 188, 191, 195, 197, 198, 199, 200, 201, 203, 207], "excluded_lines": []}, "manage.py": {"executed_lines": [2, 3, 4, 7, 9, 10, 11, 18, 21, 22], "summary": {"covered_lines": 10, "num_statements": 12, "percent_covered": 83.33333333333333, "percent_covered_display": "83", "missing_lines": 2, "excluded_lines": 0}, "missing_lines": [12, 13], "excluded_lines": []}}, "totals": {"covered_lines": 155, "num_statements": 247, "percent_covered": 62.75303643724696, "percent_covered_display": "63", "missing_lines": 92, "excluded_lines": 0}}