{"meta": {"version": "6.2", "timestamp": "2022-01-25T07:12:38.944120", "branch_coverage": false, "show_contexts": false}, "files": {"core/__init__.py": {"executed_lines": [1, 3, 4, 5, 6, 9], "summary": {"covered_lines": 6, "num_statements": 6, "percent_covered": 100.0, "percent_covered_display": "100", "missing_lines": 0, "excluded_lines": 0}, "missing_lines": [], "excluded_lines": []}, "core/settings.py": {"executed_lines": [1, 12, 13, 14, 15, 17, 23, 29, 32, 36, 38, 46, 57, 67, 69, 85, 91, 102, 121, 123, 125, 127, 129, 135, 136, 143], "summary": {"covered_lines": 25, "num_statements": 25, "percent_covered": 100.0, "percent_covered_display": "100", "missing_lines": 0, "excluded_lines": 0}, "missing_lines": [], "excluded_lines": []}, "core/urls.py": {"executed_lines": [1, 16, 17, 19], "summary": {"covered_lines": 3, "num_statements": 3, "percent_covered": 100.0, "percent_covered_display": "100", "missing_lines": 0, "excluded_lines": 0}, "missing_lines": [], "excluded_lines": []}, "hotline/__init__.py": {"executed_lines": [1], "summary": {"covered_lines": 0, "num_statements": 0, "percent_covered": 100.0, "percent_covered_display": "100", "missing_lines": 0, "excluded_lines": 0}, "missing_lines": [], "excluded_lines": []}, "hotline/admin.py": {"executed_lines": [1, 2, 4, 5, 6, 7, 8, 9], "summary": {"covered_lines": 8, "num_statements": 8, "percent_covered": 100.0, "percent_covered_display": "100", "missing_lines": 0, "excluded_lines": 0}, "missing_lines": [], "excluded_lines": []}, "hotline/apps.py": {"executed_lines": [1, 4, 5, 6], "summary": {"covered_lines": 4, "num_statements": 4, "percent_covered": 100.0, "percent_covered_display": "100", "missing_lines": 0, "excluded_lines": 0}, "missing_lines": [], "excluded_lines": []}, "hotline/forms.py": {"executed_lines": [1, 2, 3, 5, 16, 17, 18, 19, 21, 22, 23, 24, 26, 27, 28, 29, 31, 32, 33, 34], "summary": {"covered_lines": 20, "num_statements": 27, "percent_covered": 74.07407407407408, "percent_covered_display": "74", "missing_lines": 7, "excluded_lines": 0}, "missing_lines": [6, 7, 9, 10, 11, 12, 14], "excluded_lines": []}, "hotline/migrations/__init__.py": {"executed_lines": [1], "summary": {"covered_lines": 0, "num_statements": 0, "percent_covered": 100.0, "percent_covered_display": "100", "missing_lines": 0, "excluded_lines": 0}, "missing_lines": [], "excluded_lines": []}, "hotline/models.py": {"executed_lines": [1, 2, 3, 6, 8, 16, 17, 18, 19, 20, 21, 22, 23, 24, 25, 26, 27, 30, 32, 33, 34, 35, 36, 37, 38, 41, 43, 44, 45, 46, 49, 51, 52, 53, 56, 58, 59, 60, 61, 62, 63, 64, 65, 66, 69, 71, 79, 80, 81], "summary": {"covered_lines": 49, "num_statements": 55, "percent_covered": 89.0909090909091, "percent_covered_display": "89", "missing_lines": 6, "excluded_lines": 0}, "missing_lines": [28, 39, 47, 54, 67, 82], "excluded_lines": []}, "hotline/tests.py": {"executed_lines": [1], "summary": {"covered_lines": 1, "num_statements": 1, "percent_covered": 100.0, "percent_covered_display": "100", "missing_lines": 0, "excluded_lines": 0}, "missing_lines": [], "excluded_lines": []}, "hotline/urls.py": {"executed_lines": [1, 2, 4], "summary": {"covered_lines": 3, "num_statements": 3, "percent_covered": 100.0, "percent_covered_display": "100", "missing_lines": 0, "excluded_lines": 0}, "missing_lines": [], "excluded_lines": []}, "hotline/views.py": {"executed_lines": [1, 2, 3, 4, 5, 6, 7, 8, 11, 12, 13, 14, 15, 18, 80, 96, 111, 118, 142, 154, 161, 177, 194, 204, 211, 227, 244, 252, 259, 275], "summary": {"covered_lines": 30, "num_statements": 152, "percent_covered": 19.736842105263158, "percent_covered_display": "20", "missing_lines": 122, "excluded_lines": 0}, "missing_lines": [19, 20, 21, 22, 23, 26, 27, 28, 29, 31, 34, 35, 36, 37, 40, 41, 43, 44, 46, 49, 50, 52, 54, 75, 81, 83, 84, 85, 86, 87, 89, 93, 97, 98, 99, 100, 101, 102, 103, 104, 108, 112, 113, 116, 121, 124, 125, 126, 129, 130, 132, 134, 137, 143, 144, 145, 146, 151, 155, 158, 162, 164, 165, 166, 167, 168, 170, 174, 178, 179, 180, 181, 182, 183, 184, 185, 189, 195, 196, 197, 201, 205, 208, 212, 214, 215, 216, 217, 218, 220, 224, 228, 229, 230, 231, 232, 233, 234, 235, 239, 245, 246, 249, 253, 256, 260, 262, 263, 264, 265, 266, 268, 272, 276, 277, 278, 279, 280, 281, 282, 283, 287], "excluded_lines": []}, "manage.py": {"executed_lines": [2, 3, 4, 7, 9, 10, 11, 18, 21, 22], "summary": {"covered_lines": 10, "num_statements": 12, "percent_covered": 83.33333333333333, "percent_covered_display": "83", "missing_lines": 2, "excluded_lines": 0}, "missing_lines": [12, 13], "excluded_lines": []}}, "totals": {"covered_lines": 159, "num_statements": 296, "percent_covered": 53.71621621621622, "percent_covered_display": "54", "missing_lines": 137, "excluded_lines": 0}}